build/app/intermediates/manifest_merge_blame_file/stagingDebug/manifest-merger-blame-staging-debug-report.txt
1<?xml version="1.0" encoding="utf-8"?>
2<manifest xmlns:android="http://schemas.android.com/apk/res/android"
3    package="net.sarmady.contactcarswithtabs.test"
4    android:versionCode="1727624399"
5    android:versionName="6.0.4.7" >
6
7    <uses-sdk
8        android:minSdkVersion="21"
9        android:targetSdkVersion="34" />
10    <!--
11         The INTERNET permission is required for development. Specifically,
12         the Flutter tool needs it to communicate with the running application
13         to allow setting breakpoints, to provide hot reload, etc.
14    -->
15    <uses-permission android:name="android.permission.INTERNET" />
15-->src/main/AndroidManifest.xml:5:5-66
15-->src/main/AndroidManifest.xml:5:22-64
16    <uses-permission android:name="android.permission.POST_NOTIFICATIONS" />
16-->src/main/AndroidManifest.xml:6:5-76
16-->src/main/AndroidManifest.xml:6:22-74
17    <uses-permission android:name="android.permission.ACCESS_COARSE_LOCATION" />
17-->src/main/AndroidManifest.xml:7:5-80
17-->src/main/AndroidManifest.xml:7:22-78
18    <uses-permission android:name="android.permission.ACCESS_FINE_LOCATION" />
18-->src/main/AndroidManifest.xml:8:5-78
18-->src/main/AndroidManifest.xml:8:22-76
19    <uses-permission android:name="android.permission.ACCESS_BACKGROUND_LOCATION" />
19-->src/main/AndroidManifest.xml:10:5-84
19-->src/main/AndroidManifest.xml:10:22-82
20    <uses-permission android:name="android.permission.WAKE_LOCK" />
20-->src/main/AndroidManifest.xml:11:5-67
20-->src/main/AndroidManifest.xml:11:22-65
21    <uses-permission android:name="android.permission.VIBRATE" />
21-->src/main/AndroidManifest.xml:13:5-65
21-->src/main/AndroidManifest.xml:13:22-63
22    <uses-permission android:name="android.permission.RECEIVE_BOOT_COMPLETED" />
22-->src/main/AndroidManifest.xml:14:5-80
22-->src/main/AndroidManifest.xml:14:22-78
23    <uses-permission android:name="android.permission.CAMERA" />
23-->src/main/AndroidManifest.xml:16:5-64
23-->src/main/AndroidManifest.xml:16:22-62
24    <uses-permission
24-->src/main/AndroidManifest.xml:17:5-79
25        android:name="android.permission.READ_EXTERNAL_STORAGE"
25-->src/main/AndroidManifest.xml:17:22-77
26        android:maxSdkVersion="32" />
26-->[:file_picker] AndroidManifest.xml:11:9-35
27    <uses-permission android:name="android.permission.WRITE_EXTERNAL_STORAGE" />
27-->src/main/AndroidManifest.xml:18:5-80
27-->src/main/AndroidManifest.xml:18:22-78
28    <uses-permission android:name="android.permission.BROADCAST_CLOSE_SYSTEM_DIALOGS" />
28-->[:awesome_notifications] AndroidManifest.xml:10:5-89
28-->[:awesome_notifications] AndroidManifest.xml:10:22-86
29    <uses-permission android:name="android.permission.ACCESS_NETWORK_STATE" />
29-->[:connectivity_plus] AndroidManifest.xml:9:5-79
29-->[:connectivity_plus] AndroidManifest.xml:9:22-76
30
31    <queries>
31-->[:file_picker] AndroidManifest.xml:13:5-19:15
32        <intent>
32-->[:file_picker] AndroidManifest.xml:14:9-18:18
33            <action android:name="android.intent.action.GET_CONTENT" />
33-->[:file_picker] AndroidManifest.xml:15:13-72
33-->[:file_picker] AndroidManifest.xml:15:21-69
34
35            <data android:mimeType="*/*" />
35-->[:file_picker] AndroidManifest.xml:17:13-44
35-->[:file_picker] AndroidManifest.xml:17:19-41
36        </intent>
37        <intent>
37-->[:flutter_inappwebview] AndroidManifest.xml:10:9-12:18
38            <action android:name="android.support.customtabs.action.CustomTabsService" />
38-->[:flutter_inappwebview] AndroidManifest.xml:11:13-90
38-->[:flutter_inappwebview] AndroidManifest.xml:11:21-87
39        </intent>
40        <intent>
40-->[com.github.chuckerteam.chucker:library:3.5.2] AndroidManifest.xml:8:9-12:18
41            <action android:name="android.intent.action.CREATE_DOCUMENT" />
41-->[com.github.chuckerteam.chucker:library:3.5.2] AndroidManifest.xml:9:13-76
41-->[com.github.chuckerteam.chucker:library:3.5.2] AndroidManifest.xml:9:21-73
42
43            <data android:mimeType="*/*" />
43-->[:file_picker] AndroidManifest.xml:17:13-44
43-->[:file_picker] AndroidManifest.xml:17:19-41
44        </intent> <!-- For browser content -->
45        <intent>
45-->[com.google.android.gms:play-services-ads-lite:22.5.0] AndroidManifest.xml:38:9-44:18
46            <action android:name="android.intent.action.VIEW" />
46-->[com.google.firebase:firebase-auth:22.3.1] AndroidManifest.xml:36:17-69
46-->[com.google.firebase:firebase-auth:22.3.1] AndroidManifest.xml:36:25-66
47
48            <category android:name="android.intent.category.BROWSABLE" />
48-->[com.google.firebase:firebase-auth:22.3.1] AndroidManifest.xml:39:17-78
48-->[com.google.firebase:firebase-auth:22.3.1] AndroidManifest.xml:39:27-75
49
50            <data android:scheme="https" />
50-->[:file_picker] AndroidManifest.xml:17:13-44
51        </intent>
52    </queries>
53
54    <uses-permission
54-->[me.carda:AndroidAwnCore:0.8.3] AndroidManifest.xml:10:5-12:38
55        android:name="android.permission.BIND_NOTIFICATION_LISTENER_SERVICE"
55-->[me.carda:AndroidAwnCore:0.8.3] AndroidManifest.xml:11:9-77
56        android:maxSdkVersion="22" /> <!-- Required by older versions of Google Play services to create IID tokens -->
56-->[me.carda:AndroidAwnCore:0.8.3] AndroidManifest.xml:12:9-35
57    <uses-permission android:name="com.google.android.c2dm.permission.RECEIVE" />
57-->[com.google.firebase:firebase-messaging:23.4.1] AndroidManifest.xml:26:5-82
57-->[com.google.firebase:firebase-messaging:23.4.1] AndroidManifest.xml:26:22-79
58    <uses-permission android:name="com.google.android.gms.permission.AD_ID" />
58-->[com.google.android.gms:play-services-ads-lite:22.5.0] AndroidManifest.xml:26:5-79
58-->[com.google.android.gms:play-services-ads-lite:22.5.0] AndroidManifest.xml:26:22-76
59    <uses-permission android:name="android.permission.ACCESS_ADSERVICES_AD_ID" />
59-->[com.google.android.gms:play-services-ads-lite:22.5.0] AndroidManifest.xml:27:5-82
59-->[com.google.android.gms:play-services-ads-lite:22.5.0] AndroidManifest.xml:27:22-79
60    <uses-permission android:name="android.permission.ACCESS_ADSERVICES_ATTRIBUTION" />
60-->[com.google.android.gms:play-services-ads-lite:22.5.0] AndroidManifest.xml:28:5-88
60-->[com.google.android.gms:play-services-ads-lite:22.5.0] AndroidManifest.xml:28:22-85
61    <uses-permission android:name="android.permission.ACCESS_ADSERVICES_TOPICS" />
61-->[com.google.android.gms:play-services-ads-lite:22.5.0] AndroidManifest.xml:29:5-83
61-->[com.google.android.gms:play-services-ads-lite:22.5.0] AndroidManifest.xml:29:22-80
62    <uses-permission android:name="com.google.android.finsky.permission.BIND_GET_INSTALL_REFERRER_SERVICE" />
62-->[com.google.android.gms:play-services-measurement:22.0.0] AndroidManifest.xml:26:5-110
62-->[com.google.android.gms:play-services-measurement:22.0.0] AndroidManifest.xml:26:22-107
63    <uses-permission android:name="com.google.android.providers.gsf.permission.READ_GSERVICES" />
63-->[com.google.android.recaptcha:recaptcha:18.4.0] AndroidManifest.xml:9:5-98
63-->[com.google.android.recaptcha:recaptcha:18.4.0] AndroidManifest.xml:9:22-95
64    <uses-permission android:name="android.permission.FOREGROUND_SERVICE" />
64-->[androidx.work:work-runtime:2.7.0] AndroidManifest.xml:28:5-77
64-->[androidx.work:work-runtime:2.7.0] AndroidManifest.xml:28:22-74
65
66    <permission
66-->[androidx.core:core:1.13.1] AndroidManifest.xml:22:5-24:47
67        android:name="net.sarmady.contactcarswithtabs.test.DYNAMIC_RECEIVER_NOT_EXPORTED_PERMISSION"
67-->[androidx.core:core:1.13.1] AndroidManifest.xml:23:9-81
68        android:protectionLevel="signature" />
68-->[androidx.core:core:1.13.1] AndroidManifest.xml:24:9-44
69
70    <uses-permission android:name="net.sarmady.contactcarswithtabs.test.DYNAMIC_RECEIVER_NOT_EXPORTED_PERMISSION" /> <!-- for android -->
70-->[androidx.core:core:1.13.1] AndroidManifest.xml:26:5-97
70-->[androidx.core:core:1.13.1] AndroidManifest.xml:26:22-94
71    <!-- <uses-permission android:name="com.android.launcher.permission.READ_SETTINGS"/> -->
72    <!-- <uses-permission android:name="com.android.launcher.permission.WRITE_SETTINGS"/> -->
73    <!-- <uses-permission android:name="com.android.launcher.permission.INSTALL_SHORTCUT" /> -->
74    <!-- <uses-permission android:name="com.android.launcher.permission.UNINSTALL_SHORTCUT" /> -->
75    <!-- for Samsung -->
76    <uses-permission android:name="com.sec.android.provider.badge.permission.READ" />
76-->[me.leolin:ShortcutBadger:1.1.22] AndroidManifest.xml:19:5-86
76-->[me.leolin:ShortcutBadger:1.1.22] AndroidManifest.xml:19:22-83
77    <uses-permission android:name="com.sec.android.provider.badge.permission.WRITE" /> <!-- for htc -->
77-->[me.leolin:ShortcutBadger:1.1.22] AndroidManifest.xml:20:5-87
77-->[me.leolin:ShortcutBadger:1.1.22] AndroidManifest.xml:20:22-84
78    <uses-permission android:name="com.htc.launcher.permission.READ_SETTINGS" />
78-->[me.leolin:ShortcutBadger:1.1.22] AndroidManifest.xml:23:5-81
78-->[me.leolin:ShortcutBadger:1.1.22] AndroidManifest.xml:23:22-78
79    <uses-permission android:name="com.htc.launcher.permission.UPDATE_SHORTCUT" /> <!-- for sony -->
79-->[me.leolin:ShortcutBadger:1.1.22] AndroidManifest.xml:24:5-83
79-->[me.leolin:ShortcutBadger:1.1.22] AndroidManifest.xml:24:22-80
80    <uses-permission android:name="com.sonyericsson.home.permission.BROADCAST_BADGE" />
80-->[me.leolin:ShortcutBadger:1.1.22] AndroidManifest.xml:27:5-88
80-->[me.leolin:ShortcutBadger:1.1.22] AndroidManifest.xml:27:22-85
81    <uses-permission android:name="com.sonymobile.home.permission.PROVIDER_INSERT_BADGE" /> <!-- for apex -->
81-->[me.leolin:ShortcutBadger:1.1.22] AndroidManifest.xml:28:5-92
81-->[me.leolin:ShortcutBadger:1.1.22] AndroidManifest.xml:28:22-89
82    <uses-permission android:name="com.anddoes.launcher.permission.UPDATE_COUNT" /> <!-- for solid -->
82-->[me.leolin:ShortcutBadger:1.1.22] AndroidManifest.xml:31:5-84
82-->[me.leolin:ShortcutBadger:1.1.22] AndroidManifest.xml:31:22-81
83    <uses-permission android:name="com.majeur.launcher.permission.UPDATE_BADGE" /> <!-- for huawei -->
83-->[me.leolin:ShortcutBadger:1.1.22] AndroidManifest.xml:34:5-83
83-->[me.leolin:ShortcutBadger:1.1.22] AndroidManifest.xml:34:22-80
84    <uses-permission android:name="com.huawei.android.launcher.permission.CHANGE_BADGE" />
84-->[me.leolin:ShortcutBadger:1.1.22] AndroidManifest.xml:37:5-91
84-->[me.leolin:ShortcutBadger:1.1.22] AndroidManifest.xml:37:22-88
85    <uses-permission android:name="com.huawei.android.launcher.permission.READ_SETTINGS" />
85-->[me.leolin:ShortcutBadger:1.1.22] AndroidManifest.xml:38:5-92
85-->[me.leolin:ShortcutBadger:1.1.22] AndroidManifest.xml:38:22-89
86    <uses-permission android:name="com.huawei.android.launcher.permission.WRITE_SETTINGS" /> <!-- for ZUK -->
86-->[me.leolin:ShortcutBadger:1.1.22] AndroidManifest.xml:39:5-93
86-->[me.leolin:ShortcutBadger:1.1.22] AndroidManifest.xml:39:22-90
87    <uses-permission android:name="android.permission.READ_APP_BADGE" /> <!-- for OPPO -->
87-->[me.leolin:ShortcutBadger:1.1.22] AndroidManifest.xml:42:5-73
87-->[me.leolin:ShortcutBadger:1.1.22] AndroidManifest.xml:42:22-70
88    <uses-permission android:name="com.oppo.launcher.permission.READ_SETTINGS" />
88-->[me.leolin:ShortcutBadger:1.1.22] AndroidManifest.xml:45:5-82
88-->[me.leolin:ShortcutBadger:1.1.22] AndroidManifest.xml:45:22-79
89    <uses-permission android:name="com.oppo.launcher.permission.WRITE_SETTINGS" /> <!-- for EvMe -->
89-->[me.leolin:ShortcutBadger:1.1.22] AndroidManifest.xml:46:5-83
89-->[me.leolin:ShortcutBadger:1.1.22] AndroidManifest.xml:46:22-80
90    <uses-permission android:name="me.everything.badger.permission.BADGE_COUNT_READ" />
90-->[me.leolin:ShortcutBadger:1.1.22] AndroidManifest.xml:49:5-88
90-->[me.leolin:ShortcutBadger:1.1.22] AndroidManifest.xml:49:22-85
91    <uses-permission android:name="me.everything.badger.permission.BADGE_COUNT_WRITE" />
91-->[me.leolin:ShortcutBadger:1.1.22] AndroidManifest.xml:50:5-89
91-->[me.leolin:ShortcutBadger:1.1.22] AndroidManifest.xml:50:22-86
92
93    <application
94        android:name="android.app.Application"
95        android:allowBackup="false"
96        android:appComponentFactory="androidx.core.app.CoreComponentFactory"
96-->[androidx.core:core:1.13.1] AndroidManifest.xml:28:18-86
97        android:debuggable="true"
98        android:icon="@mipmap/launcher_icon"
99        android:label="@string/app_name"
100        android:largeHeap="true"
101        android:requestLegacyExternalStorage="true"
102        android:supportsRtl="true"
103        android:usesCleartextTraffic="true" >
104
105        <!-- Main Activity Configuration -->
106        <activity
107            android:name="net.sarmady.contactcarswithtabs.MainActivity"
108            android:configChanges="orientation|keyboardHidden|keyboard|screenSize|smallestScreenSize|locale|layoutDirection|fontScale|screenLayout|density|uiMode"
109            android:exported="true"
110            android:hardwareAccelerated="true"
111            android:launchMode="singleTask"
112            android:theme="@style/LaunchTheme"
113            android:windowSoftInputMode="adjustResize" >
114
115            <!-- Flutter Meta-Data -->
116            <meta-data
117                android:name="io.flutter.embedding.android.NormalTheme"
118                android:resource="@style/NormalTheme" />
119
120            <!-- Main Launcher Intent Filter -->
121            <intent-filter>
122                <action android:name="android.intent.action.MAIN" />
123
124                <category android:name="android.intent.category.LAUNCHER" />
125            </intent-filter>
126            <intent-filter android:autoVerify="true" >
127                <action android:name="android.intent.action.VIEW" />
127-->[com.google.firebase:firebase-auth:22.3.1] AndroidManifest.xml:36:17-69
127-->[com.google.firebase:firebase-auth:22.3.1] AndroidManifest.xml:36:25-66
128
129                <category android:name="android.intent.category.DEFAULT" />
129-->[:awesome_notifications] AndroidManifest.xml:29:17-76
129-->[:awesome_notifications] AndroidManifest.xml:29:27-73
130                <category android:name="android.intent.category.BROWSABLE" />
130-->[com.google.firebase:firebase-auth:22.3.1] AndroidManifest.xml:39:17-78
130-->[com.google.firebase:firebase-auth:22.3.1] AndroidManifest.xml:39:27-75
131
132                <data
132-->[:file_picker] AndroidManifest.xml:17:13-44
133                    android:host="contactcars.com"
134                    android:pathPrefix="/rd"
135                    android:scheme="https" />
136                <data
136-->[:file_picker] AndroidManifest.xml:17:13-44
137                    android:host="www.contactcars.com"
138                    android:pathPrefix="/rd"
139                    android:scheme="https" />
140q
141                <data
141-->[:file_picker] AndroidManifest.xml:17:13-44
142                    android:host="www.contactcars.com"
143                    android:pathPrefix="/ar/insurance"
144                    android:scheme="https" />
145                <data
145-->[:file_picker] AndroidManifest.xml:17:13-44
146                    android:host="www.contactcars.com"
147                    android:pathPrefix="/ar/instalment"
148                    android:scheme="https" />
149                <data
149-->[:file_picker] AndroidManifest.xml:17:13-44
150                    android:host="www.contactcars.com"
151                    android:pathPrefix="/ar/media"
152                    android:scheme="https" />
153                <data
153-->[:file_picker] AndroidManifest.xml:17:13-44
154                    android:host="www.contactcars.com"
155                    android:pathPrefix="/ar/dealers"
156                    android:scheme="https" />
157                <data
157-->[:file_picker] AndroidManifest.xml:17:13-44
158                    android:host="www.contactcars.com"
159                    android:pathPrefix="/ar/used-cars"
160                    android:scheme="https" />
161                <data
161-->[:file_picker] AndroidManifest.xml:17:13-44
162                    android:host="www.contactcars.com"
163                    android:pathPrefix="/ar/new-cars"
164                    android:scheme="https" />
165                <data
165-->[:file_picker] AndroidManifest.xml:17:13-44
166                    android:host="www.contactcars.com"
167                    android:pathPrefix="/ar/new-motorcycles"
168                    android:scheme="https" />
169                <data
169-->[:file_picker] AndroidManifest.xml:17:13-44
170                    android:host="www.contactcars.com"
171                    android:pathPrefix="/ar/used-motorcycles"
172                    android:scheme="https" />
173                <data
173-->[:file_picker] AndroidManifest.xml:17:13-44
174                    android:host="www.contactcars.com"
175                    android:pathPrefix="/ar/sell-car"
176                    android:scheme="https" />
177                <data
177-->[:file_picker] AndroidManifest.xml:17:13-44
178                    android:host="www.contactcars.com"
179                    android:pathPrefix="/ar/sell-motorcycle"
180                    android:scheme="https" />
181                <data
181-->[:file_picker] AndroidManifest.xml:17:13-44
182                    android:host="www.contactcars.com"
183                    android:pathPrefix="/ar/cars"
184                    android:scheme="https" />
185                <data
185-->[:file_picker] AndroidManifest.xml:17:13-44
186                    android:host="www.contactcars.com"
187                    android:pathPrefix="/ar/motorcycles"
188                    android:scheme="https" />
189                <data
189-->[:file_picker] AndroidManifest.xml:17:13-44
190                    android:host="www.contactcars.com"
191                    android:pathPrefix="/ar/otlobha"
192                    android:scheme="https" />
193                <data
193-->[:file_picker] AndroidManifest.xml:17:13-44
194                    android:host="contactcars.com"
195                    android:pathPrefix="/ar/insurance"
196                    android:scheme="https" />
197                <data
197-->[:file_picker] AndroidManifest.xml:17:13-44
198                    android:host="contactcars.com"
199                    android:pathPrefix="/ar/instalment"
200                    android:scheme="https" />
201                <data
201-->[:file_picker] AndroidManifest.xml:17:13-44
202                    android:host="contactcars.com"
203                    android:pathPrefix="/ar/media"
204                    android:scheme="https" />
205                <data
205-->[:file_picker] AndroidManifest.xml:17:13-44
206                    android:host="contactcars.com"
207                    android:pathPrefix="/ar/dealers"
208                    android:scheme="https" />
209                <data
209-->[:file_picker] AndroidManifest.xml:17:13-44
210                    android:host="contactcars.com"
211                    android:pathPrefix="/ar/used-cars"
212                    android:scheme="https" />
213                <data
213-->[:file_picker] AndroidManifest.xml:17:13-44
214                    android:host="contactcars.com"
215                    android:pathPrefix="/ar/new-cars"
216                    android:scheme="https" />
217                <data
217-->[:file_picker] AndroidManifest.xml:17:13-44
218                    android:host="contactcars.com"
219                    android:pathPrefix="/ar/new-motorcycles"
220                    android:scheme="https" />
221                <data
221-->[:file_picker] AndroidManifest.xml:17:13-44
222                    android:host="contactcars.com"
223                    android:pathPrefix="/ar/used-motorcycles"
224                    android:scheme="https" />
225                <data
225-->[:file_picker] AndroidManifest.xml:17:13-44
226                    android:host="contactcars.com"
227                    android:pathPrefix="/ar/sell-car"
228                    android:scheme="https" />
229                <data
229-->[:file_picker] AndroidManifest.xml:17:13-44
230                    android:host="contactcars.com"
231                    android:pathPrefix="/ar/sell-motorcycle"
232                    android:scheme="https" />
233                <data
233-->[:file_picker] AndroidManifest.xml:17:13-44
234                    android:host="contactcars.com"
235                    android:pathPrefix="/ar/cars"
236                    android:scheme="https" />
237                <data
237-->[:file_picker] AndroidManifest.xml:17:13-44
238                    android:host="contactcars.com"
239                    android:pathPrefix="/ar/motorcycles"
240                    android:scheme="https" />
241                <data
241-->[:file_picker] AndroidManifest.xml:17:13-44
242                    android:host="contactcars.com"
243                    android:pathPrefix="/ar/otlobha"
244                    android:scheme="https" />
245                <data
245-->[:file_picker] AndroidManifest.xml:17:13-44
246                    android:host="www.contactcars.com"
247                    android:pathPrefix="/en/insurance"
248                    android:scheme="https" />
249                <data
249-->[:file_picker] AndroidManifest.xml:17:13-44
250                    android:host="www.contactcars.com"
251                    android:pathPrefix="/en/instalment"
252                    android:scheme="https" />
253                <data
253-->[:file_picker] AndroidManifest.xml:17:13-44
254                    android:host="www.contactcars.com"
255                    android:pathPrefix="/en/media"
256                    android:scheme="https" />
257                <data
257-->[:file_picker] AndroidManifest.xml:17:13-44
258                    android:host="www.contactcars.com"
259                    android:pathPrefix="/en/dealers"
260                    android:scheme="https" />
261                <data
261-->[:file_picker] AndroidManifest.xml:17:13-44
262                    android:host="www.contactcars.com"
263                    android:pathPrefix="/en/used-cars"
264                    android:scheme="https" />
265                <data
265-->[:file_picker] AndroidManifest.xml:17:13-44
266                    android:host="www.contactcars.com"
267                    android:pathPrefix="/en/new-cars"
268                    android:scheme="https" />
269                <data
269-->[:file_picker] AndroidManifest.xml:17:13-44
270                    android:host="www.contactcars.com"
271                    android:pathPrefix="/en/new-motorcycles"
272                    android:scheme="https" />
273                <data
273-->[:file_picker] AndroidManifest.xml:17:13-44
274                    android:host="www.contactcars.com"
275                    android:pathPrefix="/en/used-motorcycles"
276                    android:scheme="https" />
277                <data
277-->[:file_picker] AndroidManifest.xml:17:13-44
278                    android:host="www.contactcars.com"
279                    android:pathPrefix="/en/sell-car"
280                    android:scheme="https" />
281                <data
281-->[:file_picker] AndroidManifest.xml:17:13-44
282                    android:host="www.contactcars.com"
283                    android:pathPrefix="/en/sell-motorcycle"
284                    android:scheme="https" />
285                <data
285-->[:file_picker] AndroidManifest.xml:17:13-44
286                    android:host="www.contactcars.com"
287                    android:pathPrefix="/en/cars"
288                    android:scheme="https" />
289                <data
289-->[:file_picker] AndroidManifest.xml:17:13-44
290                    android:host="www.contactcars.com"
291                    android:pathPrefix="/en/motorcycles"
292                    android:scheme="https" />
293                <data
293-->[:file_picker] AndroidManifest.xml:17:13-44
294                    android:host="www.contactcars.com"
295                    android:pathPrefix="/en/otlobha"
296                    android:scheme="https" />
297                <data
297-->[:file_picker] AndroidManifest.xml:17:13-44
298                    android:host="contactcars.com"
299                    android:pathPrefix="/en/insurance"
300                    android:scheme="https" />
301                <data
301-->[:file_picker] AndroidManifest.xml:17:13-44
302                    android:host="contactcars.com"
303                    android:pathPrefix="/en/instalment"
304                    android:scheme="https" />
305                <data
305-->[:file_picker] AndroidManifest.xml:17:13-44
306                    android:host="contactcars.com"
307                    android:pathPrefix="/en/media"
308                    android:scheme="https" />
309                <data
309-->[:file_picker] AndroidManifest.xml:17:13-44
310                    android:host="contactcars.com"
311                    android:pathPrefix="/en/dealers"
312                    android:scheme="https" />
313                <data
313-->[:file_picker] AndroidManifest.xml:17:13-44
314                    android:host="contactcars.com"
315                    android:pathPrefix="/en/used-cars"
316                    android:scheme="https" />
317                <data
317-->[:file_picker] AndroidManifest.xml:17:13-44
318                    android:host="contactcars.com"
319                    android:pathPrefix="/en/new-cars"
320                    android:scheme="https" />
321                <data
321-->[:file_picker] AndroidManifest.xml:17:13-44
322                    android:host="contactcars.com"
323                    android:pathPrefix="/en/new-motorcycles"
324                    android:scheme="https" />
325                <data
325-->[:file_picker] AndroidManifest.xml:17:13-44
326                    android:host="contactcars.com"
327                    android:pathPrefix="/en/used-motorcycles"
328                    android:scheme="https" />
329                <data
329-->[:file_picker] AndroidManifest.xml:17:13-44
330                    android:host="contactcars.com"
331                    android:pathPrefix="/en/sell-car"
332                    android:scheme="https" />
333                <data
333-->[:file_picker] AndroidManifest.xml:17:13-44
334                    android:host="contactcars.com"
335                    android:pathPrefix="/en/sell-motorcycle"
336                    android:scheme="https" />
337                <data
337-->[:file_picker] AndroidManifest.xml:17:13-44
338                    android:host="contactcars.com"
339                    android:pathPrefix="/en/cars"
340                    android:scheme="https" />
341                <data
341-->[:file_picker] AndroidManifest.xml:17:13-44
342                    android:host="contactcars.com"
343                    android:pathPrefix="/en/motorcycles"
344                    android:scheme="https" />
345                <data
345-->[:file_picker] AndroidManifest.xml:17:13-44
346                    android:host="contactcars.com"
347                    android:pathPrefix="/en/otlobha"
348                    android:scheme="https" />
349            </intent-filter>
350        </activity>
351
352        <!-- Flutter Embedding Meta-Data -->
353        <meta-data
354            android:name="flutterEmbedding"
355            android:value="2" />
356        <meta-data
357            android:name="google_analytics_automatic_screen_reporting_enabled"
358            android:value="true" />
359        <meta-data
360            android:name="com.google.android.gms.ads.APPLICATION_ID"
361            android:value="ca-app-pub-5699148373586466~3411415118" />
362        <meta-data
363            android:name="com.google.android.gms.ads.AD_MANAGER_APP"
364            android:value="true" />
365        <meta-data
366            android:name="flutter_deeplinking_enabled"
367            android:value="true" />
368
369        <receiver
369-->[:awesome_notifications] AndroidManifest.xml:15:9-17:39
370            android:name="me.carda.awesome_notifications.DartNotificationActionReceiver"
370-->[:awesome_notifications] AndroidManifest.xml:16:13-89
371            android:exported="true" />
371-->[:awesome_notifications] AndroidManifest.xml:17:13-36
372        <receiver
372-->[:awesome_notifications] AndroidManifest.xml:18:9-20:39
373            android:name="me.carda.awesome_notifications.DartDismissedNotificationReceiver"
373-->[:awesome_notifications] AndroidManifest.xml:19:13-92
374            android:exported="true" />
374-->[:awesome_notifications] AndroidManifest.xml:20:13-36
375        <receiver
375-->[:awesome_notifications] AndroidManifest.xml:21:9-23:39
376            android:name="me.carda.awesome_notifications.DartScheduledNotificationReceiver"
376-->[:awesome_notifications] AndroidManifest.xml:22:13-92
377            android:exported="true" />
377-->[:awesome_notifications] AndroidManifest.xml:23:13-36
378        <receiver
378-->[:awesome_notifications] AndroidManifest.xml:24:9-38:20
379            android:name="me.carda.awesome_notifications.DartRefreshSchedulesReceiver"
379-->[:awesome_notifications] AndroidManifest.xml:25:13-87
380            android:enabled="true"
380-->[:awesome_notifications] AndroidManifest.xml:26:13-35
381            android:exported="true" >
381-->[:awesome_notifications] AndroidManifest.xml:27:13-36
382            <intent-filter>
382-->[:awesome_notifications] AndroidManifest.xml:28:13-37:29
383                <category android:name="android.intent.category.DEFAULT" />
383-->[:awesome_notifications] AndroidManifest.xml:29:17-76
383-->[:awesome_notifications] AndroidManifest.xml:29:27-73
384
385                <action android:name="android.intent.action.BOOT_COMPLETED" />
385-->[:awesome_notifications] AndroidManifest.xml:31:17-79